<?xml version="1.0" encoding="UTF-8"?>
<testng-results skipped="0" failed="0" ignored="0" total="1" passed="1">
  <reporter-output>
  </reporter-output>
  <suite name="Default suite" duration-ms="19085" started-at="2020-03-16T18:01:28 IST" finished-at="2020-03-16T18:01:47 IST">
    <groups>
    </groups>
    <test name="Default test" duration-ms="19085" started-at="2020-03-16T18:01:28 IST" finished-at="2020-03-16T18:01:47 IST">
      <class name="com.cts.test.LoginTest">
        <test-method status="PASS" signature="set()[pri:0, instance:com.cts.test.LoginTest@63e2203c]" name="set" is-config="true" duration-ms="15291" started-at="2020-03-16T18:01:28 IST" finished-at="2020-03-16T18:01:43 IST">
          <reporter-output>
          </reporter-output>
        </test-method> <!-- set -->
        <test-method status="PASS" signature="validCredentialTest()[pri:0, instance:com.cts.test.LoginTest@63e2203c]" name="validCredentialTest" duration-ms="2603" started-at="2020-03-16T18:01:43 IST" finished-at="2020-03-16T18:01:46 IST">
          <reporter-output>
          </reporter-output>
        </test-method> <!-- validCredentialTest -->
        <test-method status="PASS" signature="get()[pri:0, instance:com.cts.test.LoginTest@63e2203c]" name="get" is-config="true" duration-ms="1042" started-at="2020-03-16T18:01:46 IST" finished-at="2020-03-16T18:01:47 IST">
          <reporter-output>
          </reporter-output>
        </test-method> <!-- get -->
      </class> <!-- com.cts.test.LoginTest -->
    </test> <!-- Default test -->
  </suite> <!-- Default suite -->
</testng-results>
